2016-09-21 11:24:31,682 [Dummy-1:140437009594112] [django.db.backends:89] [utils:execute] [DEBUG]- (0.000) SET SQL_AUTO_IS_NULL = 0; args=None
2016-09-21 11:24:31,701 [Dummy-1:140437009594112] [django.db.backends:89] [utils:execute] [DEBUG]- (0.000) SET SQL_AUTO_IS_NULL = 0; args=None
2016-09-21 11:24:31,703 [Dummy-1:140437009594112] [django.db.backends:89] [utils:execute] [DEBUG]- (0.001) SHOW FULL TABLES; args=None
2016-09-21 11:24:31,706 [Dummy-1:140437009594112] [django.db.backends:89] [utils:execute] [DEBUG]- (0.000) SELECT `django_migrations`.`app`, `django_migrations`.`name` FROM `django_migrations`; args=()
2016-09-21 11:24:34,726 [Thread-2:140436996949760] [django.db.backends:89] [utils:execute] [DEBUG]- (0.000) SET SQL_AUTO_IS_NULL = 0; args=None
2016-09-21 11:24:34,727 [Thread-2:140436996949760] [django.db.backends:89] [utils:execute] [DEBUG]- (0.000) SET SQL_AUTO_IS_NULL = 0; args=None
2016-09-21 11:24:34,728 [Thread-2:140436996949760] [django.db.backends:89] [utils:execute] [DEBUG]- (0.000) SELECT `django_session`.`session_key`, `django_session`.`session_data`, `django_session`.`expire_date` FROM `django_session` WHERE (`django_session`.`session_key` = 'auhrou6rt482putkf1bwkinvq9xgqouo' AND `django_session`.`expire_date` > '2016-09-21 11:24:34'); args=('auhrou6rt482putkf1bwkinvq9xgqouo', u'2016-09-21 11:24:34')
2016-09-21 11:24:34,734 [Thread-2:140436996949760] [django.db.backends:89] [utils:execute] [DEBUG]- (0.000) SELECT `auth_user`.`id`, `auth_user`.`password`, `auth_user`.`last_login`, `auth_user`.`is_superuser`, `auth_user`.`username`, `auth_user`.`first_name`, `auth_user`.`last_name`, `auth_user`.`email`, `auth_user`.`is_staff`, `auth_user`.`is_active`, `auth_user`.`date_joined` FROM `auth_user` WHERE `auth_user`.`id` = 5; args=(5,)
2016-09-21 11:24:34,736 [Thread-2:140436996949760] [django.db.backends:89] [utils:execute] [DEBUG]- (0.000) SELECT `auth_group`.`id`, `auth_group`.`name` FROM `auth_group` INNER JOIN `auth_user_groups` ON ( `auth_group`.`id` = `auth_user_groups`.`group_id` ) WHERE `auth_user_groups`.`user_id` = 5; args=(5,)
2016-09-21 11:24:34,736 [Thread-2:140436996949760] [sourceDns.webdns.views:62] [mywrapper:_login] [DEBUG]- 组权限检查，用户:jie.li,属于组:publish,要求组:publish,返回视图:views.publish_req
2016-09-21 11:24:34,737 [Thread-2:140436996949760] [django.db.backends:89] [utils:execute] [DEBUG]- (0.000) SELECT `auth_group`.`id`, `auth_group`.`name` FROM `auth_group` INNER JOIN `auth_user_groups` ON ( `auth_group`.`id` = `auth_user_groups`.`group_id` ) WHERE `auth_user_groups`.`user_id` = 5; args=(5,)
2016-09-21 11:24:34,737 [Thread-2:140436996949760] [sourceDns.webdns.views:54] [mywrapper:_login] [DEBUG]- 组权限检查，用户:jie.li,属于组:publish,要求组:publish,执行当前视图:<function publish_req at 0x34317d0>
2016-09-21 11:24:34,738 [Thread-2:140436996949760] [django.db.backends:89] [utils:execute] [DEBUG]- (0.000) SELECT `auth_user`.`id`, `auth_user`.`password`, `auth_user`.`last_login`, `auth_user`.`is_superuser`, `auth_user`.`username`, `auth_user`.`first_name`, `auth_user`.`last_name`, `auth_user`.`email`, `auth_user`.`is_staff`, `auth_user`.`is_active`, `auth_user`.`date_joined` FROM `auth_user` WHERE `auth_user`.`username` = 'jie.li'; args=(u'jie.li',)
2016-09-21 11:24:34,745 [Thread-2:140436996949760] [django.db.backends:89] [utils:execute] [DEBUG]- (0.000) SELECT `cmdb_project`.`id`, `cmdb_project`.`project_name`, `cmdb_project`.`aliasname` FROM `cmdb_project` INNER JOIN `cmdb_project_requester` ON ( `cmdb_project`.`id` = `cmdb_project_requester`.`project_id` ) WHERE `cmdb_project_requester`.`user_id` = 5; args=(5,)
2016-09-21 11:24:35,549 [Thread-6:140436996949760] [django.db.backends:89] [utils:execute] [DEBUG]- (0.000) SET SQL_AUTO_IS_NULL = 0; args=None
2016-09-21 11:24:35,552 [Thread-6:140436996949760] [django.db.backends:89] [utils:execute] [DEBUG]- (0.000) SET SQL_AUTO_IS_NULL = 0; args=None
2016-09-21 11:24:35,553 [Thread-6:140436996949760] [django.db.backends:89] [utils:execute] [DEBUG]- (0.001) SELECT `django_session`.`session_key`, `django_session`.`session_data`, `django_session`.`expire_date` FROM `django_session` WHERE (`django_session`.`session_key` = 'auhrou6rt482putkf1bwkinvq9xgqouo' AND `django_session`.`expire_date` > '2016-09-21 11:24:35'); args=('auhrou6rt482putkf1bwkinvq9xgqouo', u'2016-09-21 11:24:35')
2016-09-21 11:24:35,557 [Thread-6:140436996949760] [django.db.backends:89] [utils:execute] [DEBUG]- (0.001) SELECT `auth_user`.`id`, `auth_user`.`password`, `auth_user`.`last_login`, `auth_user`.`is_superuser`, `auth_user`.`username`, `auth_user`.`first_name`, `auth_user`.`last_name`, `auth_user`.`email`, `auth_user`.`is_staff`, `auth_user`.`is_active`, `auth_user`.`date_joined` FROM `auth_user` WHERE `auth_user`.`id` = 5; args=(5,)
2016-09-21 11:24:35,565 [Thread-6:140436996949760] [sourceDns.webdns.views:46] [mywrapper:_login] [DEBUG]- 登录检查，登录用户是:       jie.li
2016-09-21 11:24:35,567 [Thread-6:140436996949760] [django.db.backends:89] [utils:execute] [DEBUG]- (0.000) SELECT `cmdb_project`.`id`, `cmdb_project`.`project_name`, `cmdb_project`.`aliasname` FROM `cmdb_project` WHERE `cmdb_project`.`aliasname` = '官网'; args=(u'\u5b98\u7f51',)
2016-09-21 11:24:35,615 [Thread-6:140436996949760] [django.db.backends:89] [utils:execute] [DEBUG]- (0.000) SELECT `cmdb_action`.`id`, `cmdb_action`.`action_name`, `cmdb_action`.`aliasname` FROM `cmdb_action` INNER JOIN `cmdb_project_action` ON ( `cmdb_action`.`id` = `cmdb_project_action`.`action_id` ) WHERE `cmdb_project_action`.`project_id` = 1; args=(1,)
2016-09-21 11:24:36,152 [Thread-7:140436996949760] [django.db.backends:89] [utils:execute] [DEBUG]- (0.000) SET SQL_AUTO_IS_NULL = 0; args=None
2016-09-21 11:24:36,155 [Thread-7:140436996949760] [django.db.backends:89] [utils:execute] [DEBUG]- (0.000) SET SQL_AUTO_IS_NULL = 0; args=None
2016-09-21 11:24:36,156 [Thread-7:140436996949760] [django.db.backends:89] [utils:execute] [DEBUG]- (0.001) SELECT `django_session`.`session_key`, `django_session`.`session_data`, `django_session`.`expire_date` FROM `django_session` WHERE (`django_session`.`session_key` = 'auhrou6rt482putkf1bwkinvq9xgqouo' AND `django_session`.`expire_date` > '2016-09-21 11:24:36'); args=('auhrou6rt482putkf1bwkinvq9xgqouo', u'2016-09-21 11:24:36')
2016-09-21 11:24:36,159 [Thread-7:140436996949760] [django.db.backends:89] [utils:execute] [DEBUG]- (0.001) SELECT `auth_user`.`id`, `auth_user`.`password`, `auth_user`.`last_login`, `auth_user`.`is_superuser`, `auth_user`.`username`, `auth_user`.`first_name`, `auth_user`.`last_name`, `auth_user`.`email`, `auth_user`.`is_staff`, `auth_user`.`is_active`, `auth_user`.`date_joined` FROM `auth_user` WHERE `auth_user`.`id` = 5; args=(5,)
2016-09-21 11:24:36,162 [Thread-7:140436996949760] [django.db.backends:89] [utils:execute] [DEBUG]- (0.001) SELECT `auth_group`.`id`, `auth_group`.`name` FROM `auth_group` INNER JOIN `auth_user_groups` ON ( `auth_group`.`id` = `auth_user_groups`.`group_id` ) WHERE `auth_user_groups`.`user_id` = 5; args=(5,)
2016-09-21 11:24:36,163 [Thread-7:140436996949760] [sourceDns.webdns.views:62] [mywrapper:_login] [DEBUG]- 组权限检查，用户:jie.li,属于组:publish,要求组:publish,返回视图:views.publish_req
2016-09-21 11:24:36,165 [Thread-7:140436996949760] [django.db.backends:89] [utils:execute] [DEBUG]- (0.001) SELECT `auth_group`.`id`, `auth_group`.`name` FROM `auth_group` INNER JOIN `auth_user_groups` ON ( `auth_group`.`id` = `auth_user_groups`.`group_id` ) WHERE `auth_user_groups`.`user_id` = 5; args=(5,)
2016-09-21 11:24:36,165 [Thread-7:140436996949760] [sourceDns.webdns.views:54] [mywrapper:_login] [DEBUG]- 组权限检查，用户:jie.li,属于组:publish,要求组:publish,执行当前视图:<function publish_req at 0x34317d0>
2016-09-21 11:24:36,167 [Thread-7:140436996949760] [django.db.backends:89] [utils:execute] [DEBUG]- (0.001) SELECT `auth_user`.`id`, `auth_user`.`password`, `auth_user`.`last_login`, `auth_user`.`is_superuser`, `auth_user`.`username`, `auth_user`.`first_name`, `auth_user`.`last_name`, `auth_user`.`email`, `auth_user`.`is_staff`, `auth_user`.`is_active`, `auth_user`.`date_joined` FROM `auth_user` WHERE `auth_user`.`username` = 'jie.li'; args=(u'jie.li',)
2016-09-21 11:24:36,173 [Thread-7:140436996949760] [django.db.backends:89] [utils:execute] [DEBUG]- (0.001) SELECT `cmdb_project`.`id`, `cmdb_project`.`project_name`, `cmdb_project`.`aliasname` FROM `cmdb_project` INNER JOIN `cmdb_project_requester` ON ( `cmdb_project`.`id` = `cmdb_project_requester`.`project_id` ) WHERE `cmdb_project_requester`.`user_id` = 5; args=(5,)
2016-09-21 11:24:36,443 [Thread-11:140436996949760] [django.db.backends:89] [utils:execute] [DEBUG]- (0.000) SET SQL_AUTO_IS_NULL = 0; args=None
2016-09-21 11:24:36,446 [Thread-11:140436996949760] [django.db.backends:89] [utils:execute] [DEBUG]- (0.000) SET SQL_AUTO_IS_NULL = 0; args=None
2016-09-21 11:24:36,447 [Thread-11:140436996949760] [django.db.backends:89] [utils:execute] [DEBUG]- (0.001) SELECT `django_session`.`session_key`, `django_session`.`session_data`, `django_session`.`expire_date` FROM `django_session` WHERE (`django_session`.`session_key` = 'auhrou6rt482putkf1bwkinvq9xgqouo' AND `django_session`.`expire_date` > '2016-09-21 11:24:36'); args=('auhrou6rt482putkf1bwkinvq9xgqouo', u'2016-09-21 11:24:36')
2016-09-21 11:24:36,450 [Thread-11:140436996949760] [django.db.backends:89] [utils:execute] [DEBUG]- (0.001) SELECT `auth_user`.`id`, `auth_user`.`password`, `auth_user`.`last_login`, `auth_user`.`is_superuser`, `auth_user`.`username`, `auth_user`.`first_name`, `auth_user`.`last_name`, `auth_user`.`email`, `auth_user`.`is_staff`, `auth_user`.`is_active`, `auth_user`.`date_joined` FROM `auth_user` WHERE `auth_user`.`id` = 5; args=(5,)
2016-09-21 11:24:36,451 [Thread-11:140436996949760] [sourceDns.webdns.views:46] [mywrapper:_login] [DEBUG]- 登录检查，登录用户是:       jie.li
2016-09-21 11:24:36,453 [Thread-11:140436996949760] [django.db.backends:89] [utils:execute] [DEBUG]- (0.000) SELECT `cmdb_project`.`id`, `cmdb_project`.`project_name`, `cmdb_project`.`aliasname` FROM `cmdb_project` WHERE `cmdb_project`.`aliasname` = '官网'; args=(u'\u5b98\u7f51',)
2016-09-21 11:24:36,455 [Thread-11:140436996949760] [django.db.backends:89] [utils:execute] [DEBUG]- (0.000) SELECT `cmdb_action`.`id`, `cmdb_action`.`action_name`, `cmdb_action`.`aliasname` FROM `cmdb_action` INNER JOIN `cmdb_project_action` ON ( `cmdb_action`.`id` = `cmdb_project_action`.`action_id` ) WHERE `cmdb_project_action`.`project_id` = 1; args=(1,)
2016-09-21 11:24:39,372 [Thread-12:140436996949760] [django.db.backends:89] [utils:execute] [DEBUG]- (0.000) SET SQL_AUTO_IS_NULL = 0; args=None
2016-09-21 11:24:39,374 [Thread-12:140436996949760] [django.db.backends:89] [utils:execute] [DEBUG]- (0.000) SET SQL_AUTO_IS_NULL = 0; args=None
2016-09-21 11:24:39,375 [Thread-12:140436996949760] [django.db.backends:89] [utils:execute] [DEBUG]- (0.001) SELECT `django_session`.`session_key`, `django_session`.`session_data`, `django_session`.`expire_date` FROM `django_session` WHERE (`django_session`.`session_key` = 'auhrou6rt482putkf1bwkinvq9xgqouo' AND `django_session`.`expire_date` > '2016-09-21 11:24:39'); args=('auhrou6rt482putkf1bwkinvq9xgqouo', u'2016-09-21 11:24:39')
2016-09-21 11:24:39,378 [Thread-12:140436996949760] [django.db.backends:89] [utils:execute] [DEBUG]- (0.000) SELECT `auth_user`.`id`, `auth_user`.`password`, `auth_user`.`last_login`, `auth_user`.`is_superuser`, `auth_user`.`username`, `auth_user`.`first_name`, `auth_user`.`last_name`, `auth_user`.`email`, `auth_user`.`is_staff`, `auth_user`.`is_active`, `auth_user`.`date_joined` FROM `auth_user` WHERE `auth_user`.`id` = 5; args=(5,)
2016-09-21 11:24:39,379 [Thread-12:140436996949760] [sourceDns.webdns.views:46] [mywrapper:_login] [DEBUG]- 登录检查，登录用户是:       jie.li
2016-09-21 11:24:39,381 [Thread-12:140436996949760] [django.db.backends:89] [utils:execute] [DEBUG]- (0.000) SELECT `cmdb_project`.`id`, `cmdb_project`.`project_name`, `cmdb_project`.`aliasname` FROM `cmdb_project` WHERE `cmdb_project`.`aliasname` = '论坛'; args=(u'\u8bba\u575b',)
2016-09-21 11:24:39,383 [Thread-12:140436996949760] [django.db.backends:89] [utils:execute] [DEBUG]- (0.000) SELECT `cmdb_action`.`id`, `cmdb_action`.`action_name`, `cmdb_action`.`aliasname` FROM `cmdb_action` INNER JOIN `cmdb_project_action` ON ( `cmdb_action`.`id` = `cmdb_project_action`.`action_id` ) WHERE `cmdb_project_action`.`project_id` = 2; args=(2,)
