2016-08-12 10:47:33,010 [Thread-2:140068722468608] [sourceDns.webdns.views:177] [views:getaction] [ERROR]- global name 'Maping' is not defined
2016-08-12 10:47:59,875 [Thread-3:140068722468608] [sourceDns.webdns.views:177] [views:getaction] [ERROR]- global name 'Maping' is not defined
2016-08-12 10:50:15,258 [Thread-2:139874329151232] [sourceDns.webdns.views:177] [views:getaction] [ERROR]- global name 'Maping' is not defined
2016-08-12 10:56:43,207 [Thread-6:140060194748160] [sourceDns.webdns.views:170] [views:getaction] [ERROR]- <Action: release> is not JSON serializable
2016-08-12 10:56:55,972 [Thread-7:140060194748160] [sourceDns.webdns.views:170] [views:getaction] [ERROR]- <Action: release> is not JSON serializable
2016-08-12 10:57:42,933 [Thread-2:140042939201280] [sourceDns.webdns.views:171] [views:getaction] [ERROR]- <Action: release> is not JSON serializable
2016-08-12 10:58:29,264 [Thread-2:140296717334272] [sourceDns.webdns.views:172] [views:getaction] [ERROR]- <Action: release> is not JSON serializable
2016-08-12 10:58:52,251 [Thread-2:140385002202880] [sourceDns.webdns.views:172] [views:getaction] [ERROR]- <Action: release> is not JSON serializable
2016-08-12 16:21:48,379 [Thread-11:140051579901696] [sourceDns.webdns.views:143] [views:getaction] [ERROR]- Project matching query does not exist.
2016-09-06 11:53:08,848 [Thread-24:140019211691776] [sourceDns.webdns.views:143] [views:getaction] [ERROR]- (1146, "Table 'django.cmdb_requester_project' doesn't exist")
2016-09-06 13:23:21,061 [Thread-25:140019211691776] [sourceDns.webdns.views:143] [views:getaction] [ERROR]- (1146, "Table 'django.cmdb_requester_project' doesn't exist")
2016-09-06 13:23:24,147 [Thread-26:140019211691776] [sourceDns.webdns.views:143] [views:getaction] [ERROR]- (1146, "Table 'django.cmdb_requester_project' doesn't exist")
2016-09-06 13:23:27,798 [Thread-31:140019211691776] [sourceDns.webdns.views:143] [views:getaction] [ERROR]- (1146, "Table 'django.cmdb_requester_project' doesn't exist")
2016-09-06 13:24:35,624 [Thread-71:140019190712064] [sourceDns.webdns.views:143] [views:getaction] [ERROR]- (1146, "Table 'django.cmdb_requester_project' doesn't exist")
2016-09-06 13:24:37,955 [Thread-72:140019190712064] [sourceDns.webdns.views:143] [views:getaction] [ERROR]- (1146, "Table 'django.cmdb_requester_project' doesn't exist")
2016-09-06 13:25:23,521 [Thread-77:140019222181632] [sourceDns.webdns.views:143] [views:getaction] [ERROR]- (1146, "Table 'django.cmdb_requester_project' doesn't exist")
2016-09-06 13:29:29,132 [Thread-22:139905633142528] [sourceDns.webdns.views:143] [views:getaction] [ERROR]- (1146, "Table 'django.cmdb_requester_project' doesn't exist")
2016-09-06 13:29:32,477 [Thread-24:139905645737728] [sourceDns.webdns.views:143] [views:getaction] [ERROR]- (1146, "Table 'django.cmdb_requester_project' doesn't exist")
2016-09-06 13:29:34,993 [Thread-25:139905645737728] [sourceDns.webdns.views:143] [views:getaction] [ERROR]- (1146, "Table 'django.cmdb_requester_project' doesn't exist")
2016-09-06 13:29:57,070 [Thread-31:139905622652672] [sourceDns.webdns.views:143] [views:getaction] [ERROR]- (1146, "Table 'django.cmdb_requester_project' doesn't exist")
2016-09-06 17:17:21,018 [Thread-11:140418232608512] [sourceDns.webdns.views:143] [views:getaction] [ERROR]- Project matching query does not exist.
2016-09-06 17:43:22,615 [Thread-28:139661934589696] [sourceDns.webdns.views:143] [views:getaction] [ERROR]- Cannot resolve keyword 'name' into field. Choices are: action_id, aliasname, id, pa_p, project_name, requester, service_id
2016-09-06 18:13:39,983 [Thread-150:139948253361920] [sourceDns.webdns.views:143] [views:getaction] [ERROR]- Cannot resolve keyword 'name' into field. Choices are: action, aliasname, id, pa_p, project_name, requester, service
2016-09-06 18:20:32,244 [Thread-72:140026304919296] [sourceDns.webdns.views:143] [views:getaction] [ERROR]- Cannot resolve keyword 'name' into field. Choices are: action, aliasname, id, pa_p, project_name, requester, service
2016-09-06 18:21:55,610 [Thread-91:140026304919296] [sourceDns.webdns.views:143] [views:getaction] [ERROR]- Cannot resolve keyword 'name' into field. Choices are: action, aliasname, id, pa_p, project_name, requester, service
2016-09-06 18:22:18,742 [Thread-96:140026283939584] [sourceDns.webdns.views:143] [views:getaction] [ERROR]- Cannot resolve keyword 'name' into field. Choices are: action, aliasname, id, pa_p, project_name, requester, service
2016-09-06 18:23:27,547 [Thread-101:140026283939584] [sourceDns.webdns.views:143] [views:getaction] [ERROR]- Cannot resolve keyword 'name' into field. Choices are: action, aliasname, id, pa_p, project_name, requester, service
2016-09-06 18:25:30,331 [Thread-106:140026315409152] [sourceDns.webdns.views:143] [views:getaction] [ERROR]- Cannot resolve keyword 'name' into field. Choices are: action, aliasname, id, pa_p, project_name, requester, service
2016-09-06 18:25:31,596 [Thread-107:140026315409152] [sourceDns.webdns.views:143] [views:getaction] [ERROR]- Cannot resolve keyword 'name' into field. Choices are: action, aliasname, id, pa_p, project_name, requester, service
2016-09-06 18:25:33,641 [Thread-108:140026315409152] [sourceDns.webdns.views:143] [views:getaction] [ERROR]- Cannot resolve keyword 'name' into field. Choices are: action, aliasname, id, pa_p, project_name, requester, service
2016-09-06 18:28:24,864 [Thread-113:140026315409152] [sourceDns.webdns.views:143] [views:getaction] [ERROR]- Cannot resolve keyword 'name' into field. Choices are: action, aliasname, id, pa_p, project_name, requester, service
2016-09-06 18:28:26,393 [Thread-114:140026315409152] [sourceDns.webdns.views:143] [views:getaction] [ERROR]- Cannot resolve keyword 'name' into field. Choices are: action, aliasname, id, pa_p, project_name, requester, service
2016-09-06 18:28:28,204 [Thread-115:140026315409152] [sourceDns.webdns.views:143] [views:getaction] [ERROR]- Cannot resolve keyword 'name' into field. Choices are: action, aliasname, id, pa_p, project_name, requester, service
2016-09-06 18:29:11,919 [Thread-120:140026315409152] [sourceDns.webdns.views:143] [views:getaction] [ERROR]- Cannot resolve keyword 'name' into field. Choices are: action, aliasname, id, pa_p, project_name, requester, service
2016-09-06 18:29:28,735 [Thread-121:140026315409152] [sourceDns.webdns.views:143] [views:getaction] [ERROR]- Cannot resolve keyword 'name' into field. Choices are: action, aliasname, id, pa_p, project_name, requester, service
2016-09-06 18:30:01,788 [Thread-126:140026315409152] [sourceDns.webdns.views:143] [views:getaction] [ERROR]- Cannot resolve keyword 'name' into field. Choices are: action, aliasname, id, pa_p, project_name, requester, service
2016-09-06 18:30:16,633 [Thread-127:140026315409152] [sourceDns.webdns.views:143] [views:getaction] [ERROR]- Cannot resolve keyword 'name' into field. Choices are: action, aliasname, id, pa_p, project_name, requester, service
2016-09-06 18:31:08,718 [Thread-132:140026315409152] [sourceDns.webdns.views:143] [views:getaction] [ERROR]- Cannot resolve keyword 'name' into field. Choices are: action, aliasname, id, pa_p, project_name, requester, service
2016-09-06 18:31:17,702 [Thread-137:140026315409152] [sourceDns.webdns.views:143] [views:getaction] [ERROR]- Cannot resolve keyword 'name' into field. Choices are: action, aliasname, id, pa_p, project_name, requester, service
2016-09-06 18:31:19,673 [Thread-138:140026315409152] [sourceDns.webdns.views:143] [views:getaction] [ERROR]- Cannot resolve keyword 'name' into field. Choices are: action, aliasname, id, pa_p, project_name, requester, service
2016-09-06 18:31:27,189 [Thread-139:140026315409152] [sourceDns.webdns.views:143] [views:getaction] [ERROR]- Cannot resolve keyword 'name' into field. Choices are: action, aliasname, id, pa_p, project_name, requester, service
2016-09-06 18:32:03,896 [Thread-144:140026315409152] [sourceDns.webdns.views:143] [views:getaction] [ERROR]- Cannot resolve keyword 'name' into field. Choices are: action, aliasname, id, pa_p, project_name, requester, service
2016-09-06 18:32:11,584 [Thread-149:140026315409152] [sourceDns.webdns.views:143] [views:getaction] [ERROR]- Cannot resolve keyword 'name' into field. Choices are: action, aliasname, id, pa_p, project_name, requester, service
2016-09-06 18:35:09,721 [Thread-154:140026315409152] [sourceDns.webdns.views:143] [views:getaction] [ERROR]- Cannot resolve keyword 'name' into field. Choices are: action, aliasname, id, pa_p, project_name, requester, service
2016-09-06 18:35:21,856 [Thread-6:140102003648256] [sourceDns.webdns.views:144] [views:getaction] [ERROR]- Cannot resolve keyword 'name' into field. Choices are: action, aliasname, id, pa_p, project_name, requester, service
2016-09-06 18:35:46,956 [Thread-6:139665558468352] [sourceDns.webdns.views:145] [views:getaction] [ERROR]- Cannot resolve keyword 'name' into field. Choices are: action, aliasname, id, pa_p, project_name, requester, service
2016-09-06 18:36:13,813 [Thread-6:140182699374336] [sourceDns.webdns.views:143] [views:getaction] [ERROR]- 'Project' object has no attribute 'action_set'
2016-09-06 18:36:15,975 [Thread-7:140182699374336] [sourceDns.webdns.views:143] [views:getaction] [ERROR]- 'Project' object has no attribute 'action_set'
2016-09-06 18:36:42,847 [Thread-6:140432363968256] [sourceDns.webdns.views:144] [views:getaction] [ERROR]- 'Project' object has no attribute 'action_set'
2016-09-06 18:37:08,740 [Thread-6:140019402848000] [sourceDns.webdns.views:144] [views:getaction] [ERROR]- 'Project' object has no attribute 'action_set'
2016-09-06 18:37:17,284 [Thread-6:139767476123392] [sourceDns.webdns.views:144] [views:getaction] [ERROR]- 'Project' object has no attribute 'action_set'
2016-09-06 18:37:22,007 [Thread-7:139767476123392] [sourceDns.webdns.views:144] [views:getaction] [ERROR]- 'Project' object has no attribute 'action_set'
2016-09-06 18:37:56,046 [Thread-6:140066368243456] [sourceDns.webdns.views:144] [views:getaction] [ERROR]- 'Project' object has no attribute 'action_set'
2016-09-06 18:38:09,908 [Thread-6:139728036820736] [sourceDns.webdns.views:144] [views:getaction] [ERROR]- 'Project' object has no attribute 'action_set'
2016-09-06 18:38:50,865 [Thread-6:140722959132416] [sourceDns.webdns.views:145] [views:getaction] [ERROR]- 'Project' object has no attribute 'action_set'
2016-09-06 18:39:37,964 [Thread-6:140314270619392] [sourceDns.webdns.views:145] [views:getaction] [ERROR]- 'Project' object has no attribute 'action_set'
2016-09-06 18:40:06,290 [Thread-6:140070179960576] [sourceDns.webdns.views:145] [views:getaction] [ERROR]- 'Project' object has no attribute 'action_set'
2016-09-06 18:44:46,426 [Thread-6:139891503523584] [sourceDns.webdns.views:144] [views:getaction] [ERROR]- 'Project' object has no attribute 'action_set'
2016-09-06 18:45:12,443 [Thread-6:140289043883776] [sourceDns.webdns.views:144] [views:getaction] [ERROR]- 'Project' object has no attribute 'action_set'
2016-09-06 18:45:15,199 [Thread-7:140289043883776] [sourceDns.webdns.views:144] [views:getaction] [ERROR]- 'Project' object has no attribute 'action_set'
2016-09-06 18:45:59,709 [Thread-6:139717923714816] [sourceDns.webdns.views:144] [views:getaction] [ERROR]- 'Project' object has no attribute 'action_set'
2016-09-06 18:46:02,671 [Thread-7:139717923714816] [sourceDns.webdns.views:144] [views:getaction] [ERROR]- 'Project' object has no attribute 'action_set'
2016-09-06 18:47:36,765 [Thread-6:139641778263808] [sourceDns.webdns.views:145] [views:getaction] [ERROR]- 'Project' object has no attribute 'action_set'
2016-09-06 18:47:55,343 [Thread-6:140159792580352] [sourceDns.webdns.views:146] [views:getaction] [ERROR]- 'Project' object has no attribute 'action_set'
2016-09-06 18:48:10,767 [Thread-6:139742637541120] [sourceDns.webdns.views:146] [views:getaction] [ERROR]- 'Project' object has no attribute 'action_set'
2016-09-06 18:49:17,500 [Thread-6:139742723172096] [sourceDns.webdns.views:146] [views:getaction] [ERROR]- 'Project' object has no attribute 'action_set'
2016-09-06 18:55:38,461 [Thread-6:139929631848192] [sourceDns.webdns.views:148] [views:getaction] [ERROR]- 'Project' object has no attribute 'requester'
2016-09-06 18:56:12,490 [Thread-6:139896377165568] [sourceDns.webdns.views:148] [views:getaction] [ERROR]- 'Project' object has no attribute 'requester'
2016-09-06 18:56:47,502 [Thread-11:139896400250624] [sourceDns.webdns.views:148] [views:getaction] [ERROR]- 'Project' object has no attribute 'requester'
2016-09-06 19:02:33,884 [Thread-2:139823557539584] [sourceDns.webdns.views:176] [views:saltcall] [ERROR]- Cannot resolve keyword 'name' into field. Choices are: action, aliasname, id, pa_p, project_name, requester, service
2016-09-06 19:02:45,748 [Thread-4:139823557539584] [sourceDns.webdns.views:176] [views:saltcall] [ERROR]- Cannot resolve keyword 'name' into field. Choices are: action, aliasname, id, pa_p, project_name, requester, service
2016-09-07 20:41:10,987 [Thread-8:139761030301440] [sourceDns.webdns.views:149] [views:getaction] [ERROR]- Project matching query does not exist.
2016-09-07 20:42:13,519 [Thread-2:139931022530304] [sourceDns.webdns.views:99] [views:assets_hostlist] [ERROR]- None
2016-09-07 20:42:21,171 [Thread-6:139931022530304] [sourceDns.webdns.views:99] [views:assets_hostlist] [ERROR]- None
2016-09-07 20:43:08,796 [Thread-2:140545111832320] [sourceDns.webdns.views:100] [views:assets_hostlist] [ERROR]- None
2016-09-07 20:53:04,928 [Thread-2:139647338313472] [sourceDns.webdns.views:205] [views:EcsGet] [ERROR]- iiiiii12121212121==
2016-09-07 20:53:05,850 [Thread-3:139647320446720] [sourceDns.webdns.views:205] [views:EcsGet] [ERROR]- iiiiii12121212121==
2016-09-07 20:53:06,232 [Thread-2:139647338313472] [sourceDns.webdns.views:230] [views:EcsGet] [ERROR]- (1048, "Column 'idc_id' cannot be null")
2016-09-07 20:53:06,235 [Thread-2:139647338313472] [sourceDns.webdns.views:230] [views:EcsGet] [ERROR]- (1048, "Column 'idc_id' cannot be null")
2016-09-07 20:53:06,996 [Thread-3:139647320446720] [sourceDns.webdns.views:230] [views:EcsGet] [ERROR]- (1048, "Column 'idc_id' cannot be null")
2016-09-07 20:53:06,999 [Thread-3:139647320446720] [sourceDns.webdns.views:230] [views:EcsGet] [ERROR]- (1048, "Column 'idc_id' cannot be null")
2016-09-07 20:53:07,621 [Thread-2:139647338313472] [sourceDns.webdns.views:230] [views:EcsGet] [ERROR]- (1048, "Column 'idc_id' cannot be null")
2016-09-07 20:53:07,624 [Thread-2:139647338313472] [sourceDns.webdns.views:230] [views:EcsGet] [ERROR]- (1048, "Column 'idc_id' cannot be null")
2016-09-07 20:53:07,626 [Thread-2:139647338313472] [sourceDns.webdns.views:230] [views:EcsGet] [ERROR]- (1048, "Column 'idc_id' cannot be null")
2016-09-07 20:53:08,439 [Thread-3:139647320446720] [sourceDns.webdns.views:230] [views:EcsGet] [ERROR]- (1048, "Column 'idc_id' cannot be null")
2016-09-07 20:53:08,441 [Thread-3:139647320446720] [sourceDns.webdns.views:230] [views:EcsGet] [ERROR]- (1048, "Column 'idc_id' cannot be null")
2016-09-07 20:53:08,443 [Thread-3:139647320446720] [sourceDns.webdns.views:230] [views:EcsGet] [ERROR]- (1048, "Column 'idc_id' cannot be null")
2016-09-07 20:53:16,162 [Thread-3:139647320446720] [sourceDns.webdns.views:230] [views:EcsGet] [ERROR]- (1048, "Column 'idc_id' cannot be null")
2016-09-07 20:53:16,165 [Thread-3:139647320446720] [sourceDns.webdns.views:230] [views:EcsGet] [ERROR]- (1048, "Column 'idc_id' cannot be null")
2016-09-07 20:53:16,167 [Thread-3:139647320446720] [sourceDns.webdns.views:230] [views:EcsGet] [ERROR]- (1048, "Column 'idc_id' cannot be null")
2016-09-07 20:53:17,036 [Thread-2:139647338313472] [sourceDns.webdns.views:230] [views:EcsGet] [ERROR]- (1048, "Column 'idc_id' cannot be null")
2016-09-07 20:53:17,038 [Thread-2:139647338313472] [sourceDns.webdns.views:230] [views:EcsGet] [ERROR]- (1048, "Column 'idc_id' cannot be null")
2016-09-07 20:53:17,041 [Thread-2:139647338313472] [sourceDns.webdns.views:230] [views:EcsGet] [ERROR]- (1048, "Column 'idc_id' cannot be null")
2016-09-07 20:53:21,758 [Thread-3:139647320446720] [sourceDns.webdns.views:230] [views:EcsGet] [ERROR]- (1048, "Column 'idc_id' cannot be null")
2016-09-07 20:53:21,759 [Thread-2:139647338313472] [sourceDns.webdns.views:230] [views:EcsGet] [ERROR]- (1048, "Column 'idc_id' cannot be null")
2016-09-07 20:53:21,763 [Thread-3:139647320446720] [sourceDns.webdns.views:230] [views:EcsGet] [ERROR]- (1048, "Column 'idc_id' cannot be null")
2016-09-07 20:53:21,763 [Thread-2:139647338313472] [sourceDns.webdns.views:230] [views:EcsGet] [ERROR]- (1048, "Column 'idc_id' cannot be null")
2016-09-07 20:53:21,767 [Thread-3:139647320446720] [sourceDns.webdns.views:230] [views:EcsGet] [ERROR]- (1048, "Column 'idc_id' cannot be null")
2016-09-07 20:53:21,768 [Thread-2:139647338313472] [sourceDns.webdns.views:230] [views:EcsGet] [ERROR]- (1048, "Column 'idc_id' cannot be null")
2016-09-07 20:53:21,771 [Thread-3:139647320446720] [sourceDns.webdns.views:230] [views:EcsGet] [ERROR]- (1048, "Column 'idc_id' cannot be null")
2016-09-07 20:53:21,771 [Thread-2:139647338313472] [sourceDns.webdns.views:230] [views:EcsGet] [ERROR]- (1048, "Column 'idc_id' cannot be null")
2016-09-07 20:53:21,775 [Thread-3:139647320446720] [sourceDns.webdns.views:230] [views:EcsGet] [ERROR]- (1048, "Column 'idc_id' cannot be null")
2016-09-07 20:53:21,776 [Thread-2:139647338313472] [sourceDns.webdns.views:230] [views:EcsGet] [ERROR]- (1048, "Column 'idc_id' cannot be null")
2016-09-07 20:53:21,779 [Thread-3:139647320446720] [sourceDns.webdns.views:230] [views:EcsGet] [ERROR]- (1048, "Column 'idc_id' cannot be null")
2016-09-07 20:53:21,780 [Thread-2:139647338313472] [sourceDns.webdns.views:230] [views:EcsGet] [ERROR]- (1048, "Column 'idc_id' cannot be null")
2016-09-07 20:53:21,783 [Thread-3:139647320446720] [sourceDns.webdns.views:230] [views:EcsGet] [ERROR]- (1048, "Column 'idc_id' cannot be null")
2016-09-07 20:53:21,783 [Thread-2:139647338313472] [sourceDns.webdns.views:230] [views:EcsGet] [ERROR]- (1048, "Column 'idc_id' cannot be null")
2016-09-07 20:53:21,786 [Thread-2:139647338313472] [sourceDns.webdns.views:230] [views:EcsGet] [ERROR]- (1048, "Column 'idc_id' cannot be null")
2016-09-07 20:53:21,787 [Thread-3:139647320446720] [sourceDns.webdns.views:230] [views:EcsGet] [ERROR]- (1048, "Column 'idc_id' cannot be null")
2016-09-07 20:53:21,790 [Thread-2:139647338313472] [sourceDns.webdns.views:230] [views:EcsGet] [ERROR]- (1048, "Column 'idc_id' cannot be null")
2016-09-07 20:53:21,791 [Thread-3:139647320446720] [sourceDns.webdns.views:230] [views:EcsGet] [ERROR]- (1048, "Column 'idc_id' cannot be null")
2016-09-07 20:53:21,793 [Thread-2:139647338313472] [sourceDns.webdns.views:230] [views:EcsGet] [ERROR]- (1048, "Column 'idc_id' cannot be null")
2016-09-07 20:53:21,794 [Thread-3:139647320446720] [sourceDns.webdns.views:230] [views:EcsGet] [ERROR]- (1048, "Column 'idc_id' cannot be null")
2016-09-07 20:53:21,797 [Thread-2:139647338313472] [sourceDns.webdns.views:230] [views:EcsGet] [ERROR]- (1048, "Column 'idc_id' cannot be null")
2016-09-07 20:53:21,797 [Thread-3:139647320446720] [sourceDns.webdns.views:230] [views:EcsGet] [ERROR]- (1048, "Column 'idc_id' cannot be null")
2016-09-07 20:53:21,800 [Thread-2:139647338313472] [sourceDns.webdns.views:230] [views:EcsGet] [ERROR]- (1048, "Column 'idc_id' cannot be null")
2016-09-07 20:53:21,801 [Thread-3:139647320446720] [sourceDns.webdns.views:230] [views:EcsGet] [ERROR]- (1048, "Column 'idc_id' cannot be null")
2016-09-07 20:53:21,803 [Thread-2:139647338313472] [sourceDns.webdns.views:230] [views:EcsGet] [ERROR]- (1048, "Column 'idc_id' cannot be null")
2016-09-07 20:53:21,805 [Thread-3:139647320446720] [sourceDns.webdns.views:230] [views:EcsGet] [ERROR]- (1048, "Column 'idc_id' cannot be null")
2016-09-07 20:53:21,806 [Thread-2:139647338313472] [sourceDns.webdns.views:230] [views:EcsGet] [ERROR]- (1048, "Column 'idc_id' cannot be null")
2016-09-07 20:53:21,808 [Thread-3:139647320446720] [sourceDns.webdns.views:230] [views:EcsGet] [ERROR]- (1048, "Column 'idc_id' cannot be null")
2016-09-07 20:53:21,809 [Thread-2:139647338313472] [sourceDns.webdns.views:230] [views:EcsGet] [ERROR]- (1048, "Column 'idc_id' cannot be null")
2016-09-07 20:53:21,811 [Thread-3:139647320446720] [sourceDns.webdns.views:230] [views:EcsGet] [ERROR]- (1048, "Column 'idc_id' cannot be null")
2016-09-07 20:53:21,812 [Thread-2:139647338313472] [sourceDns.webdns.views:230] [views:EcsGet] [ERROR]- (1048, "Column 'idc_id' cannot be null")
2016-09-07 20:53:21,814 [Thread-3:139647320446720] [sourceDns.webdns.views:230] [views:EcsGet] [ERROR]- (1048, "Column 'idc_id' cannot be null")
2016-09-07 20:53:21,815 [Thread-2:139647338313472] [sourceDns.webdns.views:230] [views:EcsGet] [ERROR]- (1048, "Column 'idc_id' cannot be null")
2016-09-07 20:53:21,817 [Thread-3:139647320446720] [sourceDns.webdns.views:230] [views:EcsGet] [ERROR]- (1048, "Column 'idc_id' cannot be null")
2016-09-07 20:53:21,818 [Thread-2:139647338313472] [sourceDns.webdns.views:230] [views:EcsGet] [ERROR]- (1048, "Column 'idc_id' cannot be null")
2016-09-07 20:53:21,820 [Thread-3:139647320446720] [sourceDns.webdns.views:230] [views:EcsGet] [ERROR]- (1048, "Column 'idc_id' cannot be null")
2016-09-07 20:53:21,821 [Thread-2:139647338313472] [sourceDns.webdns.views:230] [views:EcsGet] [ERROR]- (1048, "Column 'idc_id' cannot be null")
2016-09-07 20:53:21,823 [Thread-3:139647320446720] [sourceDns.webdns.views:230] [views:EcsGet] [ERROR]- (1048, "Column 'idc_id' cannot be null")
2016-09-07 20:53:21,823 [Thread-2:139647338313472] [sourceDns.webdns.views:230] [views:EcsGet] [ERROR]- (1048, "Column 'idc_id' cannot be null")
2016-09-07 20:53:21,825 [Thread-3:139647320446720] [sourceDns.webdns.views:230] [views:EcsGet] [ERROR]- (1048, "Column 'idc_id' cannot be null")
2016-09-07 20:53:21,826 [Thread-2:139647338313472] [sourceDns.webdns.views:230] [views:EcsGet] [ERROR]- (1048, "Column 'idc_id' cannot be null")
2016-09-07 20:53:21,828 [Thread-3:139647320446720] [sourceDns.webdns.views:230] [views:EcsGet] [ERROR]- (1048, "Column 'idc_id' cannot be null")
2016-09-07 20:53:21,828 [Thread-2:139647338313472] [sourceDns.webdns.views:230] [views:EcsGet] [ERROR]- (1048, "Column 'idc_id' cannot be null")
2016-09-07 20:53:21,830 [Thread-3:139647320446720] [sourceDns.webdns.views:230] [views:EcsGet] [ERROR]- (1048, "Column 'idc_id' cannot be null")
2016-09-07 20:53:21,830 [Thread-2:139647338313472] [sourceDns.webdns.views:230] [views:EcsGet] [ERROR]- (1048, "Column 'idc_id' cannot be null")
2016-09-07 20:53:21,832 [Thread-3:139647320446720] [sourceDns.webdns.views:230] [views:EcsGet] [ERROR]- (1048, "Column 'idc_id' cannot be null")
2016-09-07 20:53:21,833 [Thread-2:139647338313472] [sourceDns.webdns.views:230] [views:EcsGet] [ERROR]- (1048, "Column 'idc_id' cannot be null")
2016-09-07 20:53:21,835 [Thread-3:139647320446720] [sourceDns.webdns.views:230] [views:EcsGet] [ERROR]- (1048, "Column 'idc_id' cannot be null")
2016-09-07 20:53:21,835 [Thread-2:139647338313472] [sourceDns.webdns.views:230] [views:EcsGet] [ERROR]- (1048, "Column 'idc_id' cannot be null")
2016-09-07 20:53:21,837 [Thread-3:139647320446720] [sourceDns.webdns.views:230] [views:EcsGet] [ERROR]- (1048, "Column 'idc_id' cannot be null")
2016-09-07 20:53:21,838 [Thread-2:139647338313472] [sourceDns.webdns.views:230] [views:EcsGet] [ERROR]- (1048, "Column 'idc_id' cannot be null")
2016-09-07 20:53:21,839 [Thread-3:139647320446720] [sourceDns.webdns.views:230] [views:EcsGet] [ERROR]- (1048, "Column 'idc_id' cannot be null")
2016-09-07 20:53:21,840 [Thread-2:139647338313472] [sourceDns.webdns.views:230] [views:EcsGet] [ERROR]- (1048, "Column 'idc_id' cannot be null")
2016-09-07 20:53:21,842 [Thread-3:139647320446720] [sourceDns.webdns.views:230] [views:EcsGet] [ERROR]- (1048, "Column 'idc_id' cannot be null")
2016-09-07 20:53:21,842 [Thread-2:139647338313472] [sourceDns.webdns.views:230] [views:EcsGet] [ERROR]- (1048, "Column 'idc_id' cannot be null")
2016-09-07 20:53:21,844 [Thread-3:139647320446720] [sourceDns.webdns.views:230] [views:EcsGet] [ERROR]- (1048, "Column 'idc_id' cannot be null")
2016-09-07 20:53:21,844 [Thread-2:139647338313472] [sourceDns.webdns.views:230] [views:EcsGet] [ERROR]- (1048, "Column 'idc_id' cannot be null")
2016-09-07 20:53:21,846 [Thread-3:139647320446720] [sourceDns.webdns.views:230] [views:EcsGet] [ERROR]- (1048, "Column 'idc_id' cannot be null")
2016-09-07 20:53:21,847 [Thread-2:139647338313472] [sourceDns.webdns.views:230] [views:EcsGet] [ERROR]- (1048, "Column 'idc_id' cannot be null")
2016-09-07 20:53:21,848 [Thread-3:139647320446720] [sourceDns.webdns.views:230] [views:EcsGet] [ERROR]- (1048, "Column 'idc_id' cannot be null")
2016-09-07 20:53:21,849 [Thread-2:139647338313472] [sourceDns.webdns.views:230] [views:EcsGet] [ERROR]- (1048, "Column 'idc_id' cannot be null")
2016-09-07 20:53:21,851 [Thread-3:139647320446720] [sourceDns.webdns.views:230] [views:EcsGet] [ERROR]- (1048, "Column 'idc_id' cannot be null")
2016-09-07 20:53:21,851 [Thread-2:139647338313472] [sourceDns.webdns.views:230] [views:EcsGet] [ERROR]- (1048, "Column 'idc_id' cannot be null")
2016-09-07 20:53:21,853 [Thread-3:139647320446720] [sourceDns.webdns.views:230] [views:EcsGet] [ERROR]- (1048, "Column 'idc_id' cannot be null")
2016-09-07 20:53:21,853 [Thread-2:139647338313472] [sourceDns.webdns.views:230] [views:EcsGet] [ERROR]- (1048, "Column 'idc_id' cannot be null")
2016-09-07 20:53:21,855 [Thread-3:139647320446720] [sourceDns.webdns.views:230] [views:EcsGet] [ERROR]- (1048, "Column 'idc_id' cannot be null")
2016-09-07 20:53:21,855 [Thread-2:139647338313472] [sourceDns.webdns.views:230] [views:EcsGet] [ERROR]- (1048, "Column 'idc_id' cannot be null")
2016-09-07 20:53:21,857 [Thread-3:139647320446720] [sourceDns.webdns.views:230] [views:EcsGet] [ERROR]- (1048, "Column 'idc_id' cannot be null")
2016-09-07 20:53:21,858 [Thread-2:139647338313472] [sourceDns.webdns.views:230] [views:EcsGet] [ERROR]- (1048, "Column 'idc_id' cannot be null")
2016-09-07 20:53:21,859 [Thread-3:139647320446720] [sourceDns.webdns.views:230] [views:EcsGet] [ERROR]- (1048, "Column 'idc_id' cannot be null")
2016-09-07 20:53:21,860 [Thread-2:139647338313472] [sourceDns.webdns.views:230] [views:EcsGet] [ERROR]- (1048, "Column 'idc_id' cannot be null")
2016-09-07 20:53:21,862 [Thread-3:139647320446720] [sourceDns.webdns.views:230] [views:EcsGet] [ERROR]- (1048, "Column 'idc_id' cannot be null")
2016-09-07 20:53:21,862 [Thread-2:139647338313472] [sourceDns.webdns.views:230] [views:EcsGet] [ERROR]- (1048, "Column 'idc_id' cannot be null")
2016-09-07 20:53:21,864 [Thread-3:139647320446720] [sourceDns.webdns.views:230] [views:EcsGet] [ERROR]- (1048, "Column 'idc_id' cannot be null")
2016-09-07 20:53:21,864 [Thread-2:139647338313472] [sourceDns.webdns.views:230] [views:EcsGet] [ERROR]- (1048, "Column 'idc_id' cannot be null")
2016-09-07 20:53:21,866 [Thread-3:139647320446720] [sourceDns.webdns.views:230] [views:EcsGet] [ERROR]- (1048, "Column 'idc_id' cannot be null")
2016-09-07 20:53:21,866 [Thread-2:139647338313472] [sourceDns.webdns.views:230] [views:EcsGet] [ERROR]- (1048, "Column 'idc_id' cannot be null")
2016-09-07 20:53:21,868 [Thread-3:139647320446720] [sourceDns.webdns.views:230] [views:EcsGet] [ERROR]- (1048, "Column 'idc_id' cannot be null")
2016-09-07 20:53:21,868 [Thread-2:139647338313472] [sourceDns.webdns.views:230] [views:EcsGet] [ERROR]- (1048, "Column 'idc_id' cannot be null")
2016-09-07 20:53:21,870 [Thread-3:139647320446720] [sourceDns.webdns.views:230] [views:EcsGet] [ERROR]- (1048, "Column 'idc_id' cannot be null")
2016-09-07 20:53:21,870 [Thread-2:139647338313472] [sourceDns.webdns.views:230] [views:EcsGet] [ERROR]- (1048, "Column 'idc_id' cannot be null")
2016-09-07 20:53:21,872 [Thread-3:139647320446720] [sourceDns.webdns.views:230] [views:EcsGet] [ERROR]- (1048, "Column 'idc_id' cannot be null")
2016-09-07 20:53:21,872 [Thread-2:139647338313472] [sourceDns.webdns.views:230] [views:EcsGet] [ERROR]- (1048, "Column 'idc_id' cannot be null")
2016-09-07 20:53:21,874 [Thread-3:139647320446720] [sourceDns.webdns.views:230] [views:EcsGet] [ERROR]- (1048, "Column 'idc_id' cannot be null")
2016-09-07 20:53:21,874 [Thread-2:139647338313472] [sourceDns.webdns.views:230] [views:EcsGet] [ERROR]- (1048, "Column 'idc_id' cannot be null")
2016-09-07 20:53:21,876 [Thread-3:139647320446720] [sourceDns.webdns.views:230] [views:EcsGet] [ERROR]- (1048, "Column 'idc_id' cannot be null")
2016-09-07 20:53:21,876 [Thread-2:139647338313472] [sourceDns.webdns.views:230] [views:EcsGet] [ERROR]- (1048, "Column 'idc_id' cannot be null")
2016-09-07 20:53:21,878 [Thread-3:139647320446720] [sourceDns.webdns.views:230] [views:EcsGet] [ERROR]- (1048, "Column 'idc_id' cannot be null")
2016-09-07 20:53:21,879 [Thread-2:139647338313472] [sourceDns.webdns.views:230] [views:EcsGet] [ERROR]- (1048, "Column 'idc_id' cannot be null")
2016-09-07 20:53:21,880 [Thread-3:139647320446720] [sourceDns.webdns.views:230] [views:EcsGet] [ERROR]- (1048, "Column 'idc_id' cannot be null")
2016-09-07 20:53:21,881 [Thread-2:139647338313472] [sourceDns.webdns.views:230] [views:EcsGet] [ERROR]- (1048, "Column 'idc_id' cannot be null")
2016-09-07 20:53:21,883 [Thread-3:139647320446720] [sourceDns.webdns.views:230] [views:EcsGet] [ERROR]- (1048, "Column 'idc_id' cannot be null")
2016-09-07 20:53:21,883 [Thread-2:139647338313472] [sourceDns.webdns.views:230] [views:EcsGet] [ERROR]- (1048, "Column 'idc_id' cannot be null")
2016-09-07 20:53:21,885 [Thread-3:139647320446720] [sourceDns.webdns.views:230] [views:EcsGet] [ERROR]- (1048, "Column 'idc_id' cannot be null")
2016-09-07 20:53:21,885 [Thread-2:139647338313472] [sourceDns.webdns.views:230] [views:EcsGet] [ERROR]- (1048, "Column 'idc_id' cannot be null")
2016-09-07 20:53:21,887 [Thread-3:139647320446720] [sourceDns.webdns.views:230] [views:EcsGet] [ERROR]- (1048, "Column 'idc_id' cannot be null")
2016-09-07 20:53:21,887 [Thread-2:139647338313472] [sourceDns.webdns.views:230] [views:EcsGet] [ERROR]- (1048, "Column 'idc_id' cannot be null")
2016-09-07 20:53:21,889 [Thread-3:139647320446720] [sourceDns.webdns.views:230] [views:EcsGet] [ERROR]- (1048, "Column 'idc_id' cannot be null")
2016-09-07 20:53:21,890 [Thread-2:139647338313472] [sourceDns.webdns.views:230] [views:EcsGet] [ERROR]- (1048, "Column 'idc_id' cannot be null")
2016-09-07 20:53:21,891 [Thread-3:139647320446720] [sourceDns.webdns.views:230] [views:EcsGet] [ERROR]- (1048, "Column 'idc_id' cannot be null")
2016-09-07 20:53:22,483 [Thread-2:139647338313472] [sourceDns.webdns.views:230] [views:EcsGet] [ERROR]- (1048, "Column 'idc_id' cannot be null")
2016-09-07 20:53:22,745 [Thread-3:139647320446720] [sourceDns.webdns.views:230] [views:EcsGet] [ERROR]- (1048, "Column 'idc_id' cannot be null")
2016-09-07 20:53:25,553 [Thread-3:139647320446720] [sourceDns.webdns.views:230] [views:EcsGet] [ERROR]- (1048, "Column 'idc_id' cannot be null")
2016-09-07 20:53:25,554 [Thread-3:139647320446720] [sourceDns.webdns.views:230] [views:EcsGet] [ERROR]- (1048, "Column 'idc_id' cannot be null")
2016-09-07 20:53:25,556 [Thread-3:139647320446720] [sourceDns.webdns.views:230] [views:EcsGet] [ERROR]- (1048, "Column 'idc_id' cannot be null")
2016-09-07 20:53:25,558 [Thread-3:139647320446720] [sourceDns.webdns.views:230] [views:EcsGet] [ERROR]- (1048, "Column 'idc_id' cannot be null")
2016-09-07 20:53:25,559 [Thread-3:139647320446720] [sourceDns.webdns.views:230] [views:EcsGet] [ERROR]- (1048, "Column 'idc_id' cannot be null")
2016-09-07 20:53:25,561 [Thread-3:139647320446720] [sourceDns.webdns.views:230] [views:EcsGet] [ERROR]- (1048, "Column 'idc_id' cannot be null")
2016-09-07 20:53:26,316 [Thread-2:139647338313472] [sourceDns.webdns.views:230] [views:EcsGet] [ERROR]- (1048, "Column 'idc_id' cannot be null")
2016-09-07 20:53:26,319 [Thread-2:139647338313472] [sourceDns.webdns.views:230] [views:EcsGet] [ERROR]- (1048, "Column 'idc_id' cannot be null")
2016-09-07 20:53:26,321 [Thread-2:139647338313472] [sourceDns.webdns.views:230] [views:EcsGet] [ERROR]- (1048, "Column 'idc_id' cannot be null")
2016-09-07 20:53:26,323 [Thread-2:139647338313472] [sourceDns.webdns.views:230] [views:EcsGet] [ERROR]- (1048, "Column 'idc_id' cannot be null")
2016-09-07 20:53:26,325 [Thread-2:139647338313472] [sourceDns.webdns.views:230] [views:EcsGet] [ERROR]- (1048, "Column 'idc_id' cannot be null")
2016-09-07 20:53:26,327 [Thread-2:139647338313472] [sourceDns.webdns.views:230] [views:EcsGet] [ERROR]- (1048, "Column 'idc_id' cannot be null")
2016-09-07 20:53:27,572 [Thread-3:139647320446720] [sourceDns.webdns.views:230] [views:EcsGet] [ERROR]- (1048, "Column 'idc_id' cannot be null")
2016-09-07 20:53:27,574 [Thread-3:139647320446720] [sourceDns.webdns.views:230] [views:EcsGet] [ERROR]- (1048, "Column 'idc_id' cannot be null")
2016-09-07 20:53:27,576 [Thread-3:139647320446720] [sourceDns.webdns.views:230] [views:EcsGet] [ERROR]- (1048, "Column 'idc_id' cannot be null")
2016-09-07 20:53:27,578 [Thread-3:139647320446720] [sourceDns.webdns.views:230] [views:EcsGet] [ERROR]- (1048, "Column 'idc_id' cannot be null")
2016-09-07 20:53:27,580 [Thread-3:139647320446720] [sourceDns.webdns.views:230] [views:EcsGet] [ERROR]- (1048, "Column 'idc_id' cannot be null")
2016-09-07 20:53:27,582 [Thread-3:139647320446720] [sourceDns.webdns.views:230] [views:EcsGet] [ERROR]- (1048, "Column 'idc_id' cannot be null")
2016-09-07 20:53:27,584 [Thread-3:139647320446720] [sourceDns.webdns.views:230] [views:EcsGet] [ERROR]- (1048, "Column 'idc_id' cannot be null")
2016-09-07 20:53:27,586 [Thread-3:139647320446720] [sourceDns.webdns.views:230] [views:EcsGet] [ERROR]- (1048, "Column 'idc_id' cannot be null")
2016-09-07 20:53:27,588 [Thread-3:139647320446720] [sourceDns.webdns.views:230] [views:EcsGet] [ERROR]- (1048, "Column 'idc_id' cannot be null")
2016-09-07 20:53:27,590 [Thread-3:139647320446720] [sourceDns.webdns.views:230] [views:EcsGet] [ERROR]- (1048, "Column 'idc_id' cannot be null")
2016-09-07 20:53:27,592 [Thread-3:139647320446720] [sourceDns.webdns.views:230] [views:EcsGet] [ERROR]- (1048, "Column 'idc_id' cannot be null")
2016-09-07 20:53:27,594 [Thread-3:139647320446720] [sourceDns.webdns.views:230] [views:EcsGet] [ERROR]- (1048, "Column 'idc_id' cannot be null")
2016-09-07 20:53:27,595 [Thread-3:139647320446720] [sourceDns.webdns.views:230] [views:EcsGet] [ERROR]- (1048, "Column 'idc_id' cannot be null")
2016-09-07 20:53:27,597 [Thread-3:139647320446720] [sourceDns.webdns.views:230] [views:EcsGet] [ERROR]- (1048, "Column 'idc_id' cannot be null")
2016-09-07 20:53:27,599 [Thread-3:139647320446720] [sourceDns.webdns.views:230] [views:EcsGet] [ERROR]- (1048, "Column 'idc_id' cannot be null")
2016-09-07 20:53:27,601 [Thread-3:139647320446720] [sourceDns.webdns.views:230] [views:EcsGet] [ERROR]- (1048, "Column 'idc_id' cannot be null")
2016-09-07 20:53:27,603 [Thread-3:139647320446720] [sourceDns.webdns.views:230] [views:EcsGet] [ERROR]- (1048, "Column 'idc_id' cannot be null")
2016-09-07 20:53:27,604 [Thread-3:139647320446720] [sourceDns.webdns.views:230] [views:EcsGet] [ERROR]- (1048, "Column 'idc_id' cannot be null")
2016-09-07 20:53:27,606 [Thread-3:139647320446720] [sourceDns.webdns.views:230] [views:EcsGet] [ERROR]- (1048, "Column 'idc_id' cannot be null")
2016-09-07 20:53:27,608 [Thread-3:139647320446720] [sourceDns.webdns.views:230] [views:EcsGet] [ERROR]- (1048, "Column 'idc_id' cannot be null")
2016-09-07 20:53:27,610 [Thread-3:139647320446720] [sourceDns.webdns.views:230] [views:EcsGet] [ERROR]- (1048, "Column 'idc_id' cannot be null")
2016-09-07 20:53:27,611 [Thread-3:139647320446720] [sourceDns.webdns.views:230] [views:EcsGet] [ERROR]- (1048, "Column 'idc_id' cannot be null")
2016-09-07 20:53:27,613 [Thread-3:139647320446720] [sourceDns.webdns.views:230] [views:EcsGet] [ERROR]- (1048, "Column 'idc_id' cannot be null")
2016-09-07 20:53:27,615 [Thread-3:139647320446720] [sourceDns.webdns.views:230] [views:EcsGet] [ERROR]- (1048, "Column 'idc_id' cannot be null")
2016-09-07 20:53:27,616 [Thread-3:139647320446720] [sourceDns.webdns.views:230] [views:EcsGet] [ERROR]- (1048, "Column 'idc_id' cannot be null")
2016-09-07 20:53:27,618 [Thread-3:139647320446720] [sourceDns.webdns.views:230] [views:EcsGet] [ERROR]- (1048, "Column 'idc_id' cannot be null")
2016-09-07 20:53:27,619 [Thread-3:139647320446720] [sourceDns.webdns.views:230] [views:EcsGet] [ERROR]- (1048, "Column 'idc_id' cannot be null")
2016-09-07 20:53:27,621 [Thread-3:139647320446720] [sourceDns.webdns.views:230] [views:EcsGet] [ERROR]- (1048, "Column 'idc_id' cannot be null")
2016-09-07 20:53:27,622 [Thread-3:139647320446720] [sourceDns.webdns.views:230] [views:EcsGet] [ERROR]- (1048, "Column 'idc_id' cannot be null")
2016-09-07 20:53:27,624 [Thread-3:139647320446720] [sourceDns.webdns.views:230] [views:EcsGet] [ERROR]- (1048, "Column 'idc_id' cannot be null")
2016-09-07 20:53:27,625 [Thread-3:139647320446720] [sourceDns.webdns.views:230] [views:EcsGet] [ERROR]- (1048, "Column 'idc_id' cannot be null")
2016-09-07 20:53:27,627 [Thread-3:139647320446720] [sourceDns.webdns.views:230] [views:EcsGet] [ERROR]- (1048, "Column 'idc_id' cannot be null")
2016-09-07 20:53:27,628 [Thread-3:139647320446720] [sourceDns.webdns.views:230] [views:EcsGet] [ERROR]- (1048, "Column 'idc_id' cannot be null")
2016-09-07 20:53:27,629 [Thread-3:139647320446720] [sourceDns.webdns.views:230] [views:EcsGet] [ERROR]- (1048, "Column 'idc_id' cannot be null")
2016-09-07 20:53:27,631 [Thread-3:139647320446720] [sourceDns.webdns.views:230] [views:EcsGet] [ERROR]- (1048, "Column 'idc_id' cannot be null")
2016-09-07 20:53:27,632 [Thread-3:139647320446720] [sourceDns.webdns.views:230] [views:EcsGet] [ERROR]- (1048, "Column 'idc_id' cannot be null")
2016-09-07 20:53:27,634 [Thread-3:139647320446720] [sourceDns.webdns.views:230] [views:EcsGet] [ERROR]- (1048, "Column 'idc_id' cannot be null")
2016-09-07 20:53:27,635 [Thread-3:139647320446720] [sourceDns.webdns.views:230] [views:EcsGet] [ERROR]- (1048, "Column 'idc_id' cannot be null")
2016-09-07 20:53:27,636 [Thread-3:139647320446720] [sourceDns.webdns.views:230] [views:EcsGet] [ERROR]- (1048, "Column 'idc_id' cannot be null")
2016-09-07 20:53:27,638 [Thread-3:139647320446720] [sourceDns.webdns.views:230] [views:EcsGet] [ERROR]- (1048, "Column 'idc_id' cannot be null")
2016-09-07 20:53:27,639 [Thread-3:139647320446720] [sourceDns.webdns.views:230] [views:EcsGet] [ERROR]- (1048, "Column 'idc_id' cannot be null")
2016-09-07 20:53:27,640 [Thread-3:139647320446720] [sourceDns.webdns.views:230] [views:EcsGet] [ERROR]- (1048, "Column 'idc_id' cannot be null")
2016-09-07 20:53:27,642 [Thread-3:139647320446720] [sourceDns.webdns.views:230] [views:EcsGet] [ERROR]- (1048, "Column 'idc_id' cannot be null")
2016-09-07 20:53:27,643 [Thread-3:139647320446720] [sourceDns.webdns.views:230] [views:EcsGet] [ERROR]- (1048, "Column 'idc_id' cannot be null")
2016-09-07 20:53:27,644 [Thread-3:139647320446720] [sourceDns.webdns.views:230] [views:EcsGet] [ERROR]- (1048, "Column 'idc_id' cannot be null")
2016-09-07 20:53:27,646 [Thread-3:139647320446720] [sourceDns.webdns.views:230] [views:EcsGet] [ERROR]- (1048, "Column 'idc_id' cannot be null")
2016-09-07 20:53:27,647 [Thread-3:139647320446720] [sourceDns.webdns.views:230] [views:EcsGet] [ERROR]- (1048, "Column 'idc_id' cannot be null")
2016-09-07 20:53:27,648 [Thread-3:139647320446720] [sourceDns.webdns.views:230] [views:EcsGet] [ERROR]- (1048, "Column 'idc_id' cannot be null")
2016-09-07 20:53:27,650 [Thread-3:139647320446720] [sourceDns.webdns.views:230] [views:EcsGet] [ERROR]- (1048, "Column 'idc_id' cannot be null")
2016-09-07 20:53:27,651 [Thread-3:139647320446720] [sourceDns.webdns.views:230] [views:EcsGet] [ERROR]- (1048, "Column 'idc_id' cannot be null")
2016-09-07 20:53:27,742 [Thread-2:139647338313472] [sourceDns.webdns.views:230] [views:EcsGet] [ERROR]- (1048, "Column 'idc_id' cannot be null")
2016-09-07 20:53:27,746 [Thread-2:139647338313472] [sourceDns.webdns.views:230] [views:EcsGet] [ERROR]- (1048, "Column 'idc_id' cannot be null")
2016-09-07 20:53:27,754 [Thread-2:139647338313472] [sourceDns.webdns.views:230] [views:EcsGet] [ERROR]- (1048, "Column 'idc_id' cannot be null")
2016-09-07 20:53:27,768 [Thread-2:139647338313472] [sourceDns.webdns.views:230] [views:EcsGet] [ERROR]- (1048, "Column 'idc_id' cannot be null")
2016-09-07 20:53:27,775 [Thread-2:139647338313472] [sourceDns.webdns.views:230] [views:EcsGet] [ERROR]- (1048, "Column 'idc_id' cannot be null")
2016-09-07 20:53:27,785 [Thread-2:139647338313472] [sourceDns.webdns.views:230] [views:EcsGet] [ERROR]- (1048, "Column 'idc_id' cannot be null")
2016-09-07 20:53:27,787 [Thread-2:139647338313472] [sourceDns.webdns.views:230] [views:EcsGet] [ERROR]- (1048, "Column 'idc_id' cannot be null")
2016-09-07 20:53:27,789 [Thread-2:139647338313472] [sourceDns.webdns.views:230] [views:EcsGet] [ERROR]- (1048, "Column 'idc_id' cannot be null")
2016-09-07 20:53:27,791 [Thread-2:139647338313472] [sourceDns.webdns.views:230] [views:EcsGet] [ERROR]- (1048, "Column 'idc_id' cannot be null")
2016-09-07 20:53:27,793 [Thread-2:139647338313472] [sourceDns.webdns.views:230] [views:EcsGet] [ERROR]- (1048, "Column 'idc_id' cannot be null")
2016-09-07 20:53:27,795 [Thread-2:139647338313472] [sourceDns.webdns.views:230] [views:EcsGet] [ERROR]- (1048, "Column 'idc_id' cannot be null")
2016-09-07 20:53:27,797 [Thread-2:139647338313472] [sourceDns.webdns.views:230] [views:EcsGet] [ERROR]- (1048, "Column 'idc_id' cannot be null")
2016-09-07 20:53:27,798 [Thread-2:139647338313472] [sourceDns.webdns.views:230] [views:EcsGet] [ERROR]- (1048, "Column 'idc_id' cannot be null")
2016-09-07 20:53:27,800 [Thread-2:139647338313472] [sourceDns.webdns.views:230] [views:EcsGet] [ERROR]- (1048, "Column 'idc_id' cannot be null")
2016-09-07 20:53:27,802 [Thread-2:139647338313472] [sourceDns.webdns.views:230] [views:EcsGet] [ERROR]- (1048, "Column 'idc_id' cannot be null")
2016-09-07 20:53:27,804 [Thread-2:139647338313472] [sourceDns.webdns.views:230] [views:EcsGet] [ERROR]- (1048, "Column 'idc_id' cannot be null")
2016-09-07 20:53:27,805 [Thread-2:139647338313472] [sourceDns.webdns.views:230] [views:EcsGet] [ERROR]- (1048, "Column 'idc_id' cannot be null")
2016-09-07 20:53:27,807 [Thread-2:139647338313472] [sourceDns.webdns.views:230] [views:EcsGet] [ERROR]- (1048, "Column 'idc_id' cannot be null")
2016-09-07 20:53:27,808 [Thread-2:139647338313472] [sourceDns.webdns.views:230] [views:EcsGet] [ERROR]- (1048, "Column 'idc_id' cannot be null")
2016-09-07 20:53:27,812 [Thread-2:139647338313472] [sourceDns.webdns.views:230] [views:EcsGet] [ERROR]- (1048, "Column 'idc_id' cannot be null")
2016-09-07 20:53:27,818 [Thread-2:139647338313472] [sourceDns.webdns.views:230] [views:EcsGet] [ERROR]- (1048, "Column 'idc_id' cannot be null")
2016-09-07 20:53:27,820 [Thread-2:139647338313472] [sourceDns.webdns.views:230] [views:EcsGet] [ERROR]- (1048, "Column 'idc_id' cannot be null")
2016-09-07 20:53:27,822 [Thread-2:139647338313472] [sourceDns.webdns.views:230] [views:EcsGet] [ERROR]- (1048, "Column 'idc_id' cannot be null")
2016-09-07 20:53:27,824 [Thread-2:139647338313472] [sourceDns.webdns.views:230] [views:EcsGet] [ERROR]- (1048, "Column 'idc_id' cannot be null")
2016-09-07 20:53:27,825 [Thread-2:139647338313472] [sourceDns.webdns.views:230] [views:EcsGet] [ERROR]- (1048, "Column 'idc_id' cannot be null")
2016-09-07 20:53:27,826 [Thread-2:139647338313472] [sourceDns.webdns.views:230] [views:EcsGet] [ERROR]- (1048, "Column 'idc_id' cannot be null")
2016-09-07 20:53:27,827 [Thread-2:139647338313472] [sourceDns.webdns.views:230] [views:EcsGet] [ERROR]- (1048, "Column 'idc_id' cannot be null")
2016-09-07 20:53:27,828 [Thread-2:139647338313472] [sourceDns.webdns.views:230] [views:EcsGet] [ERROR]- (1048, "Column 'idc_id' cannot be null")
2016-09-07 20:53:27,830 [Thread-2:139647338313472] [sourceDns.webdns.views:230] [views:EcsGet] [ERROR]- (1048, "Column 'idc_id' cannot be null")
2016-09-07 20:53:27,831 [Thread-2:139647338313472] [sourceDns.webdns.views:230] [views:EcsGet] [ERROR]- (1048, "Column 'idc_id' cannot be null")
2016-09-07 20:53:27,832 [Thread-2:139647338313472] [sourceDns.webdns.views:230] [views:EcsGet] [ERROR]- (1048, "Column 'idc_id' cannot be null")
2016-09-07 20:53:27,833 [Thread-2:139647338313472] [sourceDns.webdns.views:230] [views:EcsGet] [ERROR]- (1048, "Column 'idc_id' cannot be null")
2016-09-07 20:53:27,834 [Thread-2:139647338313472] [sourceDns.webdns.views:230] [views:EcsGet] [ERROR]- (1048, "Column 'idc_id' cannot be null")
2016-09-07 20:53:27,836 [Thread-2:139647338313472] [sourceDns.webdns.views:230] [views:EcsGet] [ERROR]- (1048, "Column 'idc_id' cannot be null")
2016-09-07 20:53:27,837 [Thread-2:139647338313472] [sourceDns.webdns.views:230] [views:EcsGet] [ERROR]- (1048, "Column 'idc_id' cannot be null")
2016-09-07 20:53:27,838 [Thread-2:139647338313472] [sourceDns.webdns.views:230] [views:EcsGet] [ERROR]- (1048, "Column 'idc_id' cannot be null")
2016-09-07 20:53:27,839 [Thread-2:139647338313472] [sourceDns.webdns.views:230] [views:EcsGet] [ERROR]- (1048, "Column 'idc_id' cannot be null")
2016-09-07 20:53:27,840 [Thread-2:139647338313472] [sourceDns.webdns.views:230] [views:EcsGet] [ERROR]- (1048, "Column 'idc_id' cannot be null")
2016-09-07 20:53:27,842 [Thread-2:139647338313472] [sourceDns.webdns.views:230] [views:EcsGet] [ERROR]- (1048, "Column 'idc_id' cannot be null")
2016-09-07 20:53:27,843 [Thread-2:139647338313472] [sourceDns.webdns.views:230] [views:EcsGet] [ERROR]- (1048, "Column 'idc_id' cannot be null")
2016-09-07 20:53:27,844 [Thread-2:139647338313472] [sourceDns.webdns.views:230] [views:EcsGet] [ERROR]- (1048, "Column 'idc_id' cannot be null")
2016-09-07 20:53:27,845 [Thread-2:139647338313472] [sourceDns.webdns.views:230] [views:EcsGet] [ERROR]- (1048, "Column 'idc_id' cannot be null")
2016-09-07 20:53:27,846 [Thread-2:139647338313472] [sourceDns.webdns.views:230] [views:EcsGet] [ERROR]- (1048, "Column 'idc_id' cannot be null")
2016-09-07 20:53:27,848 [Thread-2:139647338313472] [sourceDns.webdns.views:230] [views:EcsGet] [ERROR]- (1048, "Column 'idc_id' cannot be null")
2016-09-07 20:53:27,849 [Thread-2:139647338313472] [sourceDns.webdns.views:230] [views:EcsGet] [ERROR]- (1048, "Column 'idc_id' cannot be null")
2016-09-07 20:53:27,850 [Thread-2:139647338313472] [sourceDns.webdns.views:230] [views:EcsGet] [ERROR]- (1048, "Column 'idc_id' cannot be null")
2016-09-07 20:53:27,851 [Thread-2:139647338313472] [sourceDns.webdns.views:230] [views:EcsGet] [ERROR]- (1048, "Column 'idc_id' cannot be null")
2016-09-07 20:53:27,852 [Thread-2:139647338313472] [sourceDns.webdns.views:230] [views:EcsGet] [ERROR]- (1048, "Column 'idc_id' cannot be null")
2016-09-07 20:53:27,853 [Thread-2:139647338313472] [sourceDns.webdns.views:230] [views:EcsGet] [ERROR]- (1048, "Column 'idc_id' cannot be null")
2016-09-07 20:53:27,855 [Thread-2:139647338313472] [sourceDns.webdns.views:230] [views:EcsGet] [ERROR]- (1048, "Column 'idc_id' cannot be null")
2016-09-07 20:54:43,781 [Thread-2:139891728049920] [sourceDns.webdns.views:205] [views:EcsGet] [ERROR]- iiiiii12121212121==
2016-09-07 20:55:55,847 [Thread-2:139988990224128] [sourceDns.webdns.views:205] [views:EcsGet] [ERROR]- iiiiii12121212121==
2016-09-09 17:58:55,035 [Thread-46:140133978339072] [sourceDns.webdns.views:240] [views:saltcall] [ERROR]- (1290, 'The MySQL server is running with the --read-only option so it cannot execute this statement')
2016-09-09 18:04:12,682 [Thread-52:140133978339072] [sourceDns.webdns.views:240] [views:saltcall] [ERROR]- (1290, 'The MySQL server is running with the --read-only option so it cannot execute this statement')
2016-09-09 18:09:05,537 [Thread-2:139655519848192] [sourceDns.webdns.views:240] [views:saltcall] [ERROR]- (1290, 'The MySQL server is running with the --read-only option so it cannot execute this statement')
2016-09-09 18:10:17,193 [Thread-2:140133441468160] [sourceDns.webdns.views:240] [views:saltcall] [ERROR]- (1290, 'The MySQL server is running with the --read-only option so it cannot execute this statement')
2016-09-09 18:11:24,496 [Thread-3:140133441468160] [sourceDns.webdns.views:240] [views:saltcall] [ERROR]- (1290, 'The MySQL server is running with the --read-only option so it cannot execute this statement')
